<?xml version="1.0" encoding="UTF-8"?>
<!-- Generated by org.testng.reporters.JUnitXMLReporter -->
<testsuite hostname="Mohit-Goel" ignored="0" name="Default test" tests="1" failures="0" timestamp="20 Dec 2018 09:13:54 GMT" time="0.501" errors="0">
  <testcase name="@BeforeSuite testSetup" time="22.114" classname="com.ttn.automation.core.TestBase">
    <failure type="java.lang.NullPointerException">
      <![CDATA[java.lang.NullPointerException
at com.ttn.automation.Utils.EnvironmentSetup.initiateWebDriver(EnvironmentSetup.java:120)
at com.ttn.automation.core.TestBase.testSetup(TestBase.java:75)
at sun.reflect.NativeMethodAccessorImpl.invoke0(Native Method)
at sun.reflect.NativeMethodAccessorImpl.invoke(Unknown Source)
at sun.reflect.DelegatingMethodAccessorImpl.invoke(Unknown Source)
at java.lang.reflect.Method.invoke(Unknown Source)
at org.testng.internal.MethodInvocationHelper.invokeMethod(MethodInvocationHelper.java:124)
at org.testng.internal.MethodInvocationHelper.invokeMethodConsideringTimeout(MethodInvocationHelper.java:59)
at org.testng.internal.Invoker.invokeConfigurationMethod(Invoker.java:455)
at org.testng.internal.Invoker.invokeConfigurations(Invoker.java:222)
at org.testng.internal.Invoker.invokeConfigurations(Invoker.java:142)
at org.testng.SuiteRunner.privateRun(SuiteRunner.java:401)
at org.testng.SuiteRunner.run(SuiteRunner.java:364)
at org.testng.SuiteRunnerWorker.runSuite(SuiteRunnerWorker.java:52)
at org.testng.SuiteRunnerWorker.run(SuiteRunnerWorker.java:84)
at org.testng.TestNG.runSuitesSequentially(TestNG.java:1208)
at org.testng.TestNG.runSuitesLocally(TestNG.java:1137)
at org.testng.TestNG.runSuites(TestNG.java:1049)
at org.testng.TestNG.run(TestNG.java:1017)
at org.testng.remote.AbstractRemoteTestNG.run(AbstractRemoteTestNG.java:114)
at org.testng.remote.RemoteTestNG.initAndRun(RemoteTestNG.java:251)
at org.testng.remote.RemoteTestNG.main(RemoteTestNG.java:77)
]]>
    </failure>
  </testcase> <!-- @BeforeSuite testSetup -->
  <testcase name="@BeforeClass dataSetter" time="0.0" classname="testcases.TestMyBox">
    <skipped/>
  </testcase> <!-- @BeforeClass dataSetter -->
  <testcase name="@BeforeMethod methodSetup" time="0.0" classname="com.ttn.automation.core.TestBase">
    <skipped/>
  </testcase> <!-- @BeforeMethod methodSetup -->
  <testcase name="@AfterMethod tearDownTest" time="0.0" classname="com.ttn.automation.core.TestBase">
    <skipped/>
  </testcase> <!-- @AfterMethod tearDownTest -->
  <testcase name="testMyBoxFilters" time="0.0" classname="testcases.TestMyBox">
    <skipped/>
  </testcase> <!-- testMyBoxFilters -->
</testsuite> <!-- Default test -->
